[0605/095939.830:ERROR:process_reader_win.cc(123)] NtOpenThread: {Acesso Negado} Um processo solicitou acesso a um objeto, mas o direito de acesso não lhe foi concedido. (0xc0000022)
[0605/095939.832:ERROR:exception_snapshot_win.cc(88)] thread ID 9328 not found in process
[0605/095939.832:WARNING:crash_report_exception_handler.cc(62)] ProcessSnapshotWin::Initialize failed
[0605/100430.868:ERROR:process_reader_win.cc(123)] NtOpenThread: {Acesso Negado} Um processo solicitou acesso a um objeto, mas o direito de acesso não lhe foi concedido. (0xc0000022)
[0605/100430.869:ERROR:exception_snapshot_win.cc(88)] thread ID 6432 not found in process
[0605/100430.869:WARNING:crash_report_exception_handler.cc(62)] ProcessSnapshotWin::Initialize failed
[0605/101334.353:ERROR:process_reader_win.cc(151)] SuspendThread: Acesso negado. (0x5)
[0605/101334.354:ERROR:process_reader_win.cc(123)] NtOpenThread: {Acesso Negado} Um processo solicitou acesso a um objeto, mas o direito de acesso não lhe foi concedido. (0xc0000022)
[0605/101334.354:ERROR:exception_snapshot_win.cc(88)] thread ID 9616 not found in process
[0605/101334.354:WARNING:crash_report_exception_handler.cc(62)] ProcessSnapshotWin::Initialize failed
[0605/103302.690:ERROR:process_reader_win.cc(123)] NtOpenThread: {Acesso Negado} Um processo solicitou acesso a um objeto, mas o direito de acesso não lhe foi concedido. (0xc0000022)
[0605/103302.704:ERROR:exception_snapshot_win.cc(88)] thread ID 11428 not found in process
[0605/103302.704:WARNING:crash_report_exception_handler.cc(62)] ProcessSnapshotWin::Initialize failed
[0605/104229.808:ERROR:process_reader_win.cc(123)] NtOpenThread: {Acesso Negado} Um processo solicitou acesso a um objeto, mas o direito de acesso não lhe foi concedido. (0xc0000022)
[0605/104229.809:ERROR:exception_snapshot_win.cc(88)] thread ID 11676 not found in process
[0605/104229.809:WARNING:crash_report_exception_handler.cc(62)] ProcessSnapshotWin::Initialize failed
[0605/104912.036:ERROR:process_reader_win.cc(123)] NtOpenThread: {Acesso Negado} Um processo solicitou acesso a um objeto, mas o direito de acesso não lhe foi concedido. (0xc0000022)
[0605/104912.037:ERROR:exception_snapshot_win.cc(88)] thread ID 4320 not found in process
[0605/104912.037:WARNING:crash_report_exception_handler.cc(62)] ProcessSnapshotWin::Initialize failed
[0605/125404.210:ERROR:process_reader_win.cc(151)] SuspendThread: Acesso negado. (0x5)
[0605/125404.225:ERROR:process_reader_win.cc(151)] SuspendThread: Acesso negado. (0x5)
[0605/125404.225:ERROR:process_reader_win.cc(151)] SuspendThread: Acesso negado. (0x5)
[0605/125404.225:ERROR:process_reader_win.cc(151)] SuspendThread: Acesso negado. (0x5)
[0605/125404.225:ERROR:process_reader_win.cc(151)] SuspendThread: Acesso negado. (0x5)
[0605/125404.225:ERROR:process_reader_win.cc(151)] SuspendThread: Acesso negado. (0x5)
[0605/125404.225:ERROR:process_reader_win.cc(151)] SuspendThread: Acesso negado. (0x5)
[0605/125404.225:ERROR:process_reader_win.cc(151)] SuspendThread: Acesso negado. (0x5)
[0605/125404.225:ERROR:process_reader_win.cc(151)] SuspendThread: Acesso negado. (0x5)
[0605/125404.225:ERROR:process_reader_win.cc(151)] SuspendThread: Acesso negado. (0x5)
[0605/125404.225:ERROR:process_reader_win.cc(151)] SuspendThread: Acesso negado. (0x5)
[0605/125404.225:ERROR:process_reader_win.cc(151)] SuspendThread: Acesso negado. (0x5)
[0605/125404.225:ERROR:process_reader_win.cc(151)] SuspendThread: Acesso negado. (0x5)
[0605/125404.225:ERROR:process_reader_win.cc(151)] SuspendThread: Acesso negado. (0x5)
[0605/125404.225:ERROR:process_reader_win.cc(123)] NtOpenThread: {Acesso Negado} Um processo solicitou acesso a um objeto, mas o direito de acesso não lhe foi concedido. (0xc0000022)
[0605/125404.225:ERROR:exception_snapshot_win.cc(88)] thread ID 12372 not found in process
[0605/125404.225:WARNING:crash_report_exception_handler.cc(62)] ProcessSnapshotWin::Initialize failed
[0605/125404.212:ERROR:process_reader_win.cc(151)] SuspendThread: Acesso negado. (0x5)
[0605/125404.226:ERROR:process_reader_win.cc(151)] SuspendThread: Acesso negado. (0x5)
[0605/125404.227:ERROR:process_reader_win.cc(151)] SuspendThread: Acesso negado. (0x5)
[0605/125404.227:ERROR:process_reader_win.cc(151)] SuspendThread: Acesso negado. (0x5)
[0605/125404.227:ERROR:process_reader_win.cc(151)] SuspendThread: Acesso negado. (0x5)
[0605/125404.227:ERROR:process_reader_win.cc(151)] SuspendThread: Acesso negado. (0x5)
[0605/125404.227:ERROR:process_reader_win.cc(151)] SuspendThread: Acesso negado. (0x5)
[0605/125404.227:ERROR:process_reader_win.cc(151)] SuspendThread: Acesso negado. (0x5)
[0605/125404.227:ERROR:process_reader_win.cc(151)] SuspendThread: Acesso negado. (0x5)
[0605/125404.227:ERROR:process_reader_win.cc(151)] SuspendThread: Acesso negado. (0x5)
[0605/125404.227:ERROR:process_reader_win.cc(151)] SuspendThread: Acesso negado. (0x5)
[0605/125404.227:ERROR:process_reader_win.cc(151)] SuspendThread: Acesso negado. (0x5)
[0605/125404.227:ERROR:process_reader_win.cc(123)] NtOpenThread: {Acesso Negado} Um processo solicitou acesso a um objeto, mas o direito de acesso não lhe foi concedido. (0xc0000022)
[0605/125404.227:ERROR:exception_snapshot_win.cc(88)] thread ID 9752 not found in process
[0605/125404.227:WARNING:crash_report_exception_handler.cc(62)] ProcessSnapshotWin::Initialize failed
[0605/125404.217:ERROR:process_reader_win.cc(123)] NtOpenThread: {Acesso Negado} Um processo solicitou acesso a um objeto, mas o direito de acesso não lhe foi concedido. (0xc0000022)
[0605/125404.229:ERROR:exception_snapshot_win.cc(88)] thread ID 13296 not found in process
[0605/125404.229:WARNING:crash_report_exception_handler.cc(62)] ProcessSnapshotWin::Initialize failed
[0605/125854.008:ERROR:process_reader_win.cc(123)] NtOpenThread: {Acesso Negado} Um processo solicitou acesso a um objeto, mas o direito de acesso não lhe foi concedido. (0xc0000022)
[0605/125854.008:ERROR:exception_snapshot_win.cc(88)] thread ID 12992 not found in process
[0605/125854.008:WARNING:crash_report_exception_handler.cc(62)] ProcessSnapshotWin::Initialize failed
[0605/125854.038:ERROR:process_reader_win.cc(123)] NtOpenThread: {Acesso Negado} Um processo solicitou acesso a um objeto, mas o direito de acesso não lhe foi concedido. (0xc0000022)
[0605/125854.038:ERROR:exception_snapshot_win.cc(88)] thread ID 6884 not found in process
[0605/125854.038:WARNING:crash_report_exception_handler.cc(62)] ProcessSnapshotWin::Initialize failed
[0605/130424.835:ERROR:process_reader_win.cc(123)] NtOpenThread: {Acesso Negado} Um processo solicitou acesso a um objeto, mas o direito de acesso não lhe foi concedido. (0xc0000022)
[0605/130424.836:ERROR:exception_snapshot_win.cc(88)] thread ID 12956 not found in process
[0605/130424.836:WARNING:crash_report_exception_handler.cc(62)] ProcessSnapshotWin::Initialize failed
[0605/140125.772:ERROR:process_reader_win.cc(151)] SuspendThread: Acesso negado. (0x5)
[0605/140125.773:ERROR:process_reader_win.cc(151)] SuspendThread: Acesso negado. (0x5)
[0605/140125.773:ERROR:process_reader_win.cc(123)] NtOpenThread: {Acesso Negado} Um processo solicitou acesso a um objeto, mas o direito de acesso não lhe foi concedido. (0xc0000022)
[0605/140125.773:ERROR:exception_snapshot_win.cc(88)] thread ID 14116 not found in process
[0605/140125.773:WARNING:crash_report_exception_handler.cc(62)] ProcessSnapshotWin::Initialize failed
[0605/140137.571:ERROR:process_reader_win.cc(151)] SuspendThread: Acesso negado. (0x5)
[0605/140137.572:ERROR:process_reader_win.cc(151)] SuspendThread: Acesso negado. (0x5)
[0605/140137.572:ERROR:process_reader_win.cc(123)] NtOpenThread: {Acesso Negado} Um processo solicitou acesso a um objeto, mas o direito de acesso não lhe foi concedido. (0xc0000022)
[0605/140137.572:ERROR:exception_snapshot_win.cc(88)] thread ID 11364 not found in process
[0605/140137.572:WARNING:crash_report_exception_handler.cc(62)] ProcessSnapshotWin::Initialize failed
[0605/140314.946:ERROR:process_reader_win.cc(123)] NtOpenThread: {Acesso Negado} Um processo solicitou acesso a um objeto, mas o direito de acesso não lhe foi concedido. (0xc0000022)
[0605/140314.947:ERROR:exception_snapshot_win.cc(88)] thread ID 13616 not found in process
[0605/140314.947:WARNING:crash_report_exception_handler.cc(62)] ProcessSnapshotWin::Initialize failed
[0606/091129.082:ERROR:process_reader_win.cc(151)] SuspendThread: Acesso negado. (0x5)
[0606/091129.083:ERROR:process_reader_win.cc(151)] SuspendThread: Acesso negado. (0x5)
[0606/091129.083:ERROR:process_reader_win.cc(151)] SuspendThread: Acesso negado. (0x5)
[0606/091129.083:ERROR:process_reader_win.cc(123)] NtOpenThread: {Acesso Negado} Um processo solicitou acesso a um objeto, mas o direito de acesso não lhe foi concedido. (0xc0000022)
[0606/091129.083:ERROR:exception_snapshot_win.cc(88)] thread ID 17400 not found in process
[0606/091129.083:WARNING:crash_report_exception_handler.cc(62)] ProcessSnapshotWin::Initialize failed
[0606/091504.967:ERROR:process_reader_win.cc(151)] SuspendThread: Acesso negado. (0x5)
[0606/091504.968:ERROR:process_reader_win.cc(151)] SuspendThread: Acesso negado. (0x5)
[0606/091504.968:ERROR:process_reader_win.cc(123)] NtOpenThread: {Acesso Negado} Um processo solicitou acesso a um objeto, mas o direito de acesso não lhe foi concedido. (0xc0000022)
[0606/091504.968:ERROR:exception_snapshot_win.cc(88)] thread ID 16124 not found in process
[0606/091504.968:WARNING:crash_report_exception_handler.cc(62)] ProcessSnapshotWin::Initialize failed
[0606/091750.333:ERROR:process_reader_win.cc(123)] NtOpenThread: {Acesso Negado} Um processo solicitou acesso a um objeto, mas o direito de acesso não lhe foi concedido. (0xc0000022)
[0606/091750.333:ERROR:exception_snapshot_win.cc(88)] thread ID 15944 not found in process
[0606/091750.333:WARNING:crash_report_exception_handler.cc(62)] ProcessSnapshotWin::Initialize failed
[0606/091814.080:ERROR:process_reader_win.cc(151)] SuspendThread: Acesso negado. (0x5)
[0606/091814.081:ERROR:process_reader_win.cc(151)] SuspendThread: Acesso negado. (0x5)
[0606/091814.081:ERROR:process_reader_win.cc(151)] SuspendThread: Acesso negado. (0x5)
[0606/091814.081:ERROR:process_reader_win.cc(123)] NtOpenThread: {Acesso Negado} Um processo solicitou acesso a um objeto, mas o direito de acesso não lhe foi concedido. (0xc0000022)
[0606/091814.081:ERROR:exception_snapshot_win.cc(88)] thread ID 11588 not found in process
[0606/091814.081:WARNING:crash_report_exception_handler.cc(62)] ProcessSnapshotWin::Initialize failed
[0606/092040.993:ERROR:process_reader_win.cc(123)] NtOpenThread: {Acesso Negado} Um processo solicitou acesso a um objeto, mas o direito de acesso não lhe foi concedido. (0xc0000022)
[0606/092040.994:ERROR:exception_snapshot_win.cc(88)] thread ID 14340 not found in process
[0606/092040.994:WARNING:crash_report_exception_handler.cc(62)] ProcessSnapshotWin::Initialize failed
[0606/092205.410:ERROR:process_reader_win.cc(123)] NtOpenThread: {Acesso Negado} Um processo solicitou acesso a um objeto, mas o direito de acesso não lhe foi concedido. (0xc0000022)
[0606/092205.410:ERROR:exception_snapshot_win.cc(88)] thread ID 16604 not found in process
[0606/092205.410:WARNING:crash_report_exception_handler.cc(62)] ProcessSnapshotWin::Initialize failed
[0606/093343.168:ERROR:process_reader_win.cc(123)] NtOpenThread: {Acesso Negado} Um processo solicitou acesso a um objeto, mas o direito de acesso não lhe foi concedido. (0xc0000022)
[0606/093343.169:ERROR:exception_snapshot_win.cc(88)] thread ID 16136 not found in process
[0606/093343.169:WARNING:crash_report_exception_handler.cc(62)] ProcessSnapshotWin::Initialize failed
[0606/093343.180:ERROR:process_reader_win.cc(151)] SuspendThread: Acesso negado. (0x5)
[0606/093343.180:ERROR:process_reader_win.cc(123)] NtOpenThread: {Acesso Negado} Um processo solicitou acesso a um objeto, mas o direito de acesso não lhe foi concedido. (0xc0000022)
[0606/093343.180:ERROR:exception_snapshot_win.cc(88)] thread ID 17128 not found in process
[0606/093343.180:WARNING:crash_report_exception_handler.cc(62)] ProcessSnapshotWin::Initialize failed
[0606/093734.688:ERROR:process_reader_win.cc(123)] NtOpenThread: {Acesso Negado} Um processo solicitou acesso a um objeto, mas o direito de acesso não lhe foi concedido. (0xc0000022)
[0606/093734.689:ERROR:exception_snapshot_win.cc(88)] thread ID 10968 not found in process
[0606/093734.689:WARNING:crash_report_exception_handler.cc(62)] ProcessSnapshotWin::Initialize failed
[0606/094058.625:ERROR:process_reader_win.cc(123)] NtOpenThread: {Acesso Negado} Um processo solicitou acesso a um objeto, mas o direito de acesso não lhe foi concedido. (0xc0000022)
[0606/094058.626:ERROR:exception_snapshot_win.cc(88)] thread ID 17240 not found in process
[0606/094058.626:WARNING:crash_report_exception_handler.cc(62)] ProcessSnapshotWin::Initialize failed
[0606/094232.231:ERROR:process_reader_win.cc(123)] NtOpenThread: {Acesso Negado} Um processo solicitou acesso a um objeto, mas o direito de acesso não lhe foi concedido. (0xc0000022)
[0606/094232.232:ERROR:exception_snapshot_win.cc(88)] thread ID 14668 not found in process
[0606/094232.233:WARNING:crash_report_exception_handler.cc(62)] ProcessSnapshotWin::Initialize failed
[0606/094356.889:ERROR:process_reader_win.cc(123)] NtOpenThread: {Acesso Negado} Um processo solicitou acesso a um objeto, mas o direito de acesso não lhe foi concedido. (0xc0000022)
[0606/094356.890:ERROR:exception_snapshot_win.cc(88)] thread ID 11276 not found in process
[0606/094356.890:WARNING:crash_report_exception_handler.cc(62)] ProcessSnapshotWin::Initialize failed
[0606/110345.054:ERROR:process_reader_win.cc(151)] SuspendThread: Acesso negado. (0x5)
[0606/110345.056:ERROR:process_reader_win.cc(151)] SuspendThread: Acesso negado. (0x5)
[0606/110345.056:ERROR:process_reader_win.cc(123)] NtOpenThread: {Acesso Negado} Um processo solicitou acesso a um objeto, mas o direito de acesso não lhe foi concedido. (0xc0000022)
[0606/110345.056:ERROR:exception_snapshot_win.cc(88)] thread ID 16192 not found in process
[0606/110345.056:WARNING:crash_report_exception_handler.cc(62)] ProcessSnapshotWin::Initialize failed
[0606/110428.988:ERROR:process_reader_win.cc(151)] SuspendThread: Acesso negado. (0x5)
[0606/110428.989:ERROR:process_reader_win.cc(151)] SuspendThread: Acesso negado. (0x5)
[0606/110428.989:ERROR:process_reader_win.cc(151)] SuspendThread: Acesso negado. (0x5)
[0606/110428.989:ERROR:process_reader_win.cc(123)] NtOpenThread: {Acesso Negado} Um processo solicitou acesso a um objeto, mas o direito de acesso não lhe foi concedido. (0xc0000022)
[0606/110428.989:ERROR:exception_snapshot_win.cc(88)] thread ID 13836 not found in process
[0606/110428.989:WARNING:crash_report_exception_handler.cc(62)] ProcessSnapshotWin::Initialize failed
[0606/110749.709:ERROR:process_reader_win.cc(123)] NtOpenThread: {Acesso Negado} Um processo solicitou acesso a um objeto, mas o direito de acesso não lhe foi concedido. (0xc0000022)
[0606/110749.710:ERROR:exception_snapshot_win.cc(88)] thread ID 7056 not found in process
[0606/110749.710:WARNING:crash_report_exception_handler.cc(62)] ProcessSnapshotWin::Initialize failed
[0606/110857.423:ERROR:process_reader_win.cc(123)] NtOpenThread: {Acesso Negado} Um processo solicitou acesso a um objeto, mas o direito de acesso não lhe foi concedido. (0xc0000022)
[0606/110857.424:ERROR:exception_snapshot_win.cc(88)] thread ID 17384 not found in process
[0606/110857.424:WARNING:crash_report_exception_handler.cc(62)] ProcessSnapshotWin::Initialize failed
[0606/133514.296:ERROR:process_reader_win.cc(151)] SuspendThread: Acesso negado. (0x5)
[0606/133514.297:ERROR:process_reader_win.cc(123)] NtOpenThread: {Acesso Negado} Um processo solicitou acesso a um objeto, mas o direito de acesso não lhe foi concedido. (0xc0000022)
[0606/133514.297:ERROR:exception_snapshot_win.cc(88)] thread ID 17376 not found in process
[0606/133514.297:WARNING:crash_report_exception_handler.cc(62)] ProcessSnapshotWin::Initialize failed
[0606/134531.506:ERROR:process_reader_win.cc(123)] NtOpenThread: {Acesso Negado} Um processo solicitou acesso a um objeto, mas o direito de acesso não lhe foi concedido. (0xc0000022)
[0606/134531.507:ERROR:exception_snapshot_win.cc(88)] thread ID 14240 not found in process
[0606/134531.507:WARNING:crash_report_exception_handler.cc(62)] ProcessSnapshotWin::Initialize failed
[0606/134605.450:ERROR:process_reader_win.cc(151)] SuspendThread: Acesso negado. (0x5)
[0606/134605.451:ERROR:process_reader_win.cc(123)] NtOpenThread: {Acesso Negado} Um processo solicitou acesso a um objeto, mas o direito de acesso não lhe foi concedido. (0xc0000022)
[0606/134605.451:ERROR:exception_snapshot_win.cc(88)] thread ID 16660 not found in process
[0606/134605.451:WARNING:crash_report_exception_handler.cc(62)] ProcessSnapshotWin::Initialize failed
[0606/134803.490:ERROR:process_reader_win.cc(123)] NtOpenThread: {Acesso Negado} Um processo solicitou acesso a um objeto, mas o direito de acesso não lhe foi concedido. (0xc0000022)
[0606/134803.491:ERROR:exception_snapshot_win.cc(88)] thread ID 10528 not found in process
[0606/134803.491:WARNING:crash_report_exception_handler.cc(62)] ProcessSnapshotWin::Initialize failed
[0606/134935.762:ERROR:process_reader_win.cc(123)] NtOpenThread: {Acesso Negado} Um processo solicitou acesso a um objeto, mas o direito de acesso não lhe foi concedido. (0xc0000022)
[0606/134935.763:ERROR:exception_snapshot_win.cc(88)] thread ID 6564 not found in process
[0606/134935.763:WARNING:crash_report_exception_handler.cc(62)] ProcessSnapshotWin::Initialize failed
[0606/135115.622:ERROR:process_reader_win.cc(151)] SuspendThread: Acesso negado. (0x5)
[0606/135115.623:ERROR:process_reader_win.cc(151)] SuspendThread: Acesso negado. (0x5)
[0606/135115.623:ERROR:process_reader_win.cc(151)] SuspendThread: Acesso negado. (0x5)
[0606/135115.623:ERROR:process_reader_win.cc(151)] SuspendThread: Acesso negado. (0x5)
[0606/135115.623:ERROR:process_reader_win.cc(123)] NtOpenThread: {Acesso Negado} Um processo solicitou acesso a um objeto, mas o direito de acesso não lhe foi concedido. (0xc0000022)
[0606/135115.623:ERROR:exception_snapshot_win.cc(88)] thread ID 15536 not found in process
[0606/135115.623:WARNING:crash_report_exception_handler.cc(62)] ProcessSnapshotWin::Initialize failed
[0606/135846.080:ERROR:process_reader_win.cc(123)] NtOpenThread: {Acesso Negado} Um processo solicitou acesso a um objeto, mas o direito de acesso não lhe foi concedido. (0xc0000022)
[0606/135846.081:ERROR:exception_snapshot_win.cc(88)] thread ID 5776 not found in process
[0606/135846.082:WARNING:crash_report_exception_handler.cc(62)] ProcessSnapshotWin::Initialize failed
[0606/140332.525:ERROR:process_reader_win.cc(123)] NtOpenThread: {Acesso Negado} Um processo solicitou acesso a um objeto, mas o direito de acesso não lhe foi concedido. (0xc0000022)
[0606/140332.526:ERROR:exception_snapshot_win.cc(88)] thread ID 9460 not found in process
[0606/140332.526:WARNING:crash_report_exception_handler.cc(62)] ProcessSnapshotWin::Initialize failed
[0606/141358.843:ERROR:process_reader_win.cc(123)] NtOpenThread: {Acesso Negado} Um processo solicitou acesso a um objeto, mas o direito de acesso não lhe foi concedido. (0xc0000022)
[0606/141358.843:ERROR:exception_snapshot_win.cc(88)] thread ID 8712 not found in process
[0606/141358.843:WARNING:crash_report_exception_handler.cc(62)] ProcessSnapshotWin::Initialize failed
[0606/141501.424:ERROR:process_reader_win.cc(123)] NtOpenThread: {Acesso Negado} Um processo solicitou acesso a um objeto, mas o direito de acesso não lhe foi concedido. (0xc0000022)
[0606/141501.425:ERROR:exception_snapshot_win.cc(88)] thread ID 9892 not found in process
[0606/141501.425:WARNING:crash_report_exception_handler.cc(62)] ProcessSnapshotWin::Initialize failed
[0606/141608.996:ERROR:process_reader_win.cc(123)] NtOpenThread: {Acesso Negado} Um processo solicitou acesso a um objeto, mas o direito de acesso não lhe foi concedido. (0xc0000022)
[0606/141608.997:ERROR:exception_snapshot_win.cc(88)] thread ID 9204 not found in process
[0606/141608.997:WARNING:crash_report_exception_handler.cc(62)] ProcessSnapshotWin::Initialize failed
[0606/141723.523:ERROR:process_reader_win.cc(123)] NtOpenThread: {Acesso Negado} Um processo solicitou acesso a um objeto, mas o direito de acesso não lhe foi concedido. (0xc0000022)
[0606/141723.523:ERROR:exception_snapshot_win.cc(88)] thread ID 15348 not found in process
[0606/141723.523:WARNING:crash_report_exception_handler.cc(62)] ProcessSnapshotWin::Initialize failed
[0606/143231.811:ERROR:process_reader_win.cc(123)] NtOpenThread: {Acesso Negado} Um processo solicitou acesso a um objeto, mas o direito de acesso não lhe foi concedido. (0xc0000022)
[0606/143231.812:ERROR:exception_snapshot_win.cc(88)] thread ID 4764 not found in process
[0606/143231.812:WARNING:crash_report_exception_handler.cc(62)] ProcessSnapshotWin::Initialize failed
[0606/143231.835:ERROR:process_reader_win.cc(123)] NtOpenThread: {Acesso Negado} Um processo solicitou acesso a um objeto, mas o direito de acesso não lhe foi concedido. (0xc0000022)
[0606/143231.835:ERROR:exception_snapshot_win.cc(88)] thread ID 13528 not found in process
[0606/143231.835:WARNING:crash_report_exception_handler.cc(62)] ProcessSnapshotWin::Initialize failed
[0606/143509.047:ERROR:process_reader_win.cc(123)] NtOpenThread: {Acesso Negado} Um processo solicitou acesso a um objeto, mas o direito de acesso não lhe foi concedido. (0xc0000022)
[0606/143509.048:ERROR:exception_snapshot_win.cc(88)] thread ID 5948 not found in process
[0606/143509.048:WARNING:crash_report_exception_handler.cc(62)] ProcessSnapshotWin::Initialize failed
[0606/143509.060:ERROR:process_reader_win.cc(123)] NtOpenThread: {Acesso Negado} Um processo solicitou acesso a um objeto, mas o direito de acesso não lhe foi concedido. (0xc0000022)
[0606/143509.060:ERROR:exception_snapshot_win.cc(88)] thread ID 6924 not found in process
[0606/143509.060:WARNING:crash_report_exception_handler.cc(62)] ProcessSnapshotWin::Initialize failed
[0606/143951.934:ERROR:process_reader_win.cc(123)] NtOpenThread: {Acesso Negado} Um processo solicitou acesso a um objeto, mas o direito de acesso não lhe foi concedido. (0xc0000022)
[0606/143951.934:ERROR:exception_snapshot_win.cc(88)] thread ID 13844 not found in process
[0606/143951.934:WARNING:crash_report_exception_handler.cc(62)] ProcessSnapshotWin::Initialize failed
[0606/144445.023:ERROR:process_reader_win.cc(123)] NtOpenThread: {Acesso Negado} Um processo solicitou acesso a um objeto, mas o direito de acesso não lhe foi concedido. (0xc0000022)
[0606/144445.023:ERROR:exception_snapshot_win.cc(88)] thread ID 13572 not found in process
[0606/144445.023:WARNING:crash_report_exception_handler.cc(62)] ProcessSnapshotWin::Initialize failed
[0606/144601.421:ERROR:process_reader_win.cc(123)] NtOpenThread: {Acesso Negado} Um processo solicitou acesso a um objeto, mas o direito de acesso não lhe foi concedido. (0xc0000022)
[0606/144601.423:ERROR:exception_snapshot_win.cc(88)] thread ID 8124 not found in process
[0606/144601.423:WARNING:crash_report_exception_handler.cc(62)] ProcessSnapshotWin::Initialize failed
[0606/154434.287:ERROR:process_reader_win.cc(123)] NtOpenThread: {Acesso Negado} Um processo solicitou acesso a um objeto, mas o direito de acesso não lhe foi concedido. (0xc0000022)
[0606/154434.287:ERROR:exception_snapshot_win.cc(88)] thread ID 6680 not found in process
[0606/154434.287:WARNING:crash_report_exception_handler.cc(62)] ProcessSnapshotWin::Initialize failed
[0606/154540.683:ERROR:process_reader_win.cc(123)] NtOpenThread: {Acesso Negado} Um processo solicitou acesso a um objeto, mas o direito de acesso não lhe foi concedido. (0xc0000022)
[0606/154540.684:ERROR:exception_snapshot_win.cc(88)] thread ID 6000 not found in process
[0606/154540.684:WARNING:crash_report_exception_handler.cc(62)] ProcessSnapshotWin::Initialize failed
[0606/154926.120:ERROR:process_reader_win.cc(123)] NtOpenThread: {Acesso Negado} Um processo solicitou acesso a um objeto, mas o direito de acesso não lhe foi concedido. (0xc0000022)
[0606/154926.120:ERROR:exception_snapshot_win.cc(88)] thread ID 5388 not found in process
[0606/154926.120:WARNING:crash_report_exception_handler.cc(62)] ProcessSnapshotWin::Initialize failed
[0606/154926.186:ERROR:process_reader_win.cc(123)] NtOpenThread: {Acesso Negado} Um processo solicitou acesso a um objeto, mas o direito de acesso não lhe foi concedido. (0xc0000022)
[0606/154926.186:ERROR:exception_snapshot_win.cc(88)] thread ID 7784 not found in process
[0606/154926.186:WARNING:crash_report_exception_handler.cc(62)] ProcessSnapshotWin::Initialize failed
[0606/155101.654:ERROR:process_reader_win.cc(123)] NtOpenThread: {Acesso Negado} Um processo solicitou acesso a um objeto, mas o direito de acesso não lhe foi concedido. (0xc0000022)
[0606/155101.655:ERROR:exception_snapshot_win.cc(88)] thread ID 4504 not found in process
[0606/155101.655:WARNING:crash_report_exception_handler.cc(62)] ProcessSnapshotWin::Initialize failed
[0606/155335.753:ERROR:process_reader_win.cc(123)] NtOpenThread: {Acesso Negado} Um processo solicitou acesso a um objeto, mas o direito de acesso não lhe foi concedido. (0xc0000022)
[0606/155335.754:ERROR:exception_snapshot_win.cc(88)] thread ID 7632 not found in process
[0606/155335.754:WARNING:crash_report_exception_handler.cc(62)] ProcessSnapshotWin::Initialize failed
[0606/160022.364:ERROR:process_reader_win.cc(151)] SuspendThread: Acesso negado. (0x5)
[0606/160022.364:ERROR:process_reader_win.cc(151)] SuspendThread: Acesso negado. (0x5)
[0606/160022.364:ERROR:process_reader_win.cc(123)] NtOpenThread: {Acesso Negado} Um processo solicitou acesso a um objeto, mas o direito de acesso não lhe foi concedido. (0xc0000022)
[0606/160022.364:ERROR:exception_snapshot_win.cc(88)] thread ID 2388 not found in process
[0606/160022.364:WARNING:crash_report_exception_handler.cc(62)] ProcessSnapshotWin::Initialize failed
[0606/160022.365:ERROR:process_reader_win.cc(123)] NtOpenThread: {Acesso Negado} Um processo solicitou acesso a um objeto, mas o direito de acesso não lhe foi concedido. (0xc0000022)
[0606/160022.365:ERROR:exception_snapshot_win.cc(88)] thread ID 5780 not found in process
[0606/160022.365:WARNING:crash_report_exception_handler.cc(62)] ProcessSnapshotWin::Initialize failed
[0606/160106.774:ERROR:process_reader_win.cc(123)] NtOpenThread: {Acesso Negado} Um processo solicitou acesso a um objeto, mas o direito de acesso não lhe foi concedido. (0xc0000022)
[0606/160106.775:ERROR:exception_snapshot_win.cc(88)] thread ID 5928 not found in process
[0606/160106.775:WARNING:crash_report_exception_handler.cc(62)] ProcessSnapshotWin::Initialize failed
[0606/160211.913:ERROR:process_reader_win.cc(123)] NtOpenThread: {Acesso Negado} Um processo solicitou acesso a um objeto, mas o direito de acesso não lhe foi concedido. (0xc0000022)
[0606/160211.914:ERROR:exception_snapshot_win.cc(88)] thread ID 1692 not found in process
[0606/160211.914:WARNING:crash_report_exception_handler.cc(62)] ProcessSnapshotWin::Initialize failed
[0606/161932.043:ERROR:process_reader_win.cc(123)] NtOpenThread: {Acesso Negado} Um processo solicitou acesso a um objeto, mas o direito de acesso não lhe foi concedido. (0xc0000022)
[0606/161932.044:ERROR:exception_snapshot_win.cc(88)] thread ID 7824 not found in process
[0606/161932.044:WARNING:crash_report_exception_handler.cc(62)] ProcessSnapshotWin::Initialize failed
[0606/162347.694:ERROR:process_reader_win.cc(123)] NtOpenThread: {Acesso Negado} Um processo solicitou acesso a um objeto, mas o direito de acesso não lhe foi concedido. (0xc0000022)
[0606/162347.695:ERROR:exception_snapshot_win.cc(88)] thread ID 4380 not found in process
[0606/162347.695:WARNING:crash_report_exception_handler.cc(62)] ProcessSnapshotWin::Initialize failed
[0606/163457.240:ERROR:process_reader_win.cc(123)] NtOpenThread: {Acesso Negado} Um processo solicitou acesso a um objeto, mas o direito de acesso não lhe foi concedido. (0xc0000022)
[0606/163457.241:ERROR:exception_snapshot_win.cc(88)] thread ID 9892 not found in process
[0606/163457.241:WARNING:crash_report_exception_handler.cc(62)] ProcessSnapshotWin::Initialize failed
[0606/164817.208:ERROR:process_reader_win.cc(123)] NtOpenThread: {Acesso Negado} Um processo solicitou acesso a um objeto, mas o direito de acesso não lhe foi concedido. (0xc0000022)
[0606/164817.209:ERROR:exception_snapshot_win.cc(88)] thread ID 8712 not found in process
[0606/164817.209:WARNING:crash_report_exception_handler.cc(62)] ProcessSnapshotWin::Initialize failed
[0606/165035.565:ERROR:process_reader_win.cc(123)] NtOpenThread: {Acesso Negado} Um processo solicitou acesso a um objeto, mas o direito de acesso não lhe foi concedido. (0xc0000022)
[0606/165035.568:ERROR:exception_snapshot_win.cc(88)] thread ID 9940 not found in process
[0606/165035.568:WARNING:crash_report_exception_handler.cc(62)] ProcessSnapshotWin::Initialize failed
[0606/165452.570:ERROR:process_reader_win.cc(123)] NtOpenThread: {Acesso Negado} Um processo solicitou acesso a um objeto, mas o direito de acesso não lhe foi concedido. (0xc0000022)
[0606/165452.571:ERROR:exception_snapshot_win.cc(88)] thread ID 7880 not found in process
[0606/165452.571:WARNING:crash_report_exception_handler.cc(62)] ProcessSnapshotWin::Initialize failed
[0606/165601.799:ERROR:process_reader_win.cc(151)] SuspendThread: Acesso negado. (0x5)
[0606/165601.800:ERROR:process_reader_win.cc(151)] SuspendThread: Acesso negado. (0x5)
[0606/165601.800:ERROR:process_reader_win.cc(151)] SuspendThread: Acesso negado. (0x5)
[0606/165601.800:ERROR:process_reader_win.cc(123)] NtOpenThread: {Acesso Negado} Um processo solicitou acesso a um objeto, mas o direito de acesso não lhe foi concedido. (0xc0000022)
[0606/165601.800:ERROR:exception_snapshot_win.cc(88)] thread ID 9732 not found in process
[0606/165601.800:WARNING:crash_report_exception_handler.cc(62)] ProcessSnapshotWin::Initialize failed
[0607/092410.223:ERROR:process_reader_win.cc(151)] SuspendThread: Acesso negado. (0x5)
[0607/092410.224:ERROR:process_reader_win.cc(151)] SuspendThread: Acesso negado. (0x5)
[0607/092410.224:ERROR:process_reader_win.cc(151)] SuspendThread: Acesso negado. (0x5)
[0607/092410.224:ERROR:process_reader_win.cc(151)] SuspendThread: Acesso negado. (0x5)
[0607/092410.224:ERROR:process_reader_win.cc(151)] SuspendThread: Acesso negado. (0x5)
[0607/092410.224:ERROR:process_reader_win.cc(151)] SuspendThread: Acesso negado. (0x5)
[0607/092410.224:ERROR:process_reader_win.cc(151)] SuspendThread: Acesso negado. (0x5)
[0607/092410.224:ERROR:process_reader_win.cc(151)] SuspendThread: Acesso negado. (0x5)
[0607/092410.224:ERROR:process_reader_win.cc(151)] SuspendThread: Acesso negado. (0x5)
[0607/092410.224:ERROR:process_reader_win.cc(151)] SuspendThread: Acesso negado. (0x5)
[0607/092410.224:ERROR:process_reader_win.cc(151)] SuspendThread: Acesso negado. (0x5)
[0607/092410.224:ERROR:process_reader_win.cc(151)] SuspendThread: Acesso negado. (0x5)
[0607/092410.225:ERROR:process_reader_win.cc(151)] SuspendThread: Acesso negado. (0x5)
[0607/092410.225:ERROR:process_reader_win.cc(151)] SuspendThread: Acesso negado. (0x5)
[0607/092410.225:ERROR:process_reader_win.cc(151)] SuspendThread: Acesso negado. (0x5)
[0607/092410.225:ERROR:process_reader_win.cc(151)] SuspendThread: Acesso negado. (0x5)
[0607/092410.225:ERROR:process_reader_win.cc(151)] SuspendThread: Acesso negado. (0x5)
[0607/092410.225:ERROR:process_reader_win.cc(151)] SuspendThread: Acesso negado. (0x5)
[0607/092410.225:ERROR:process_reader_win.cc(151)] SuspendThread: Acesso negado. (0x5)
[0607/092410.225:ERROR:process_reader_win.cc(123)] NtOpenThread: {Acesso Negado} Um processo solicitou acesso a um objeto, mas o direito de acesso não lhe foi concedido. (0xc0000022)
[0607/092410.225:ERROR:exception_snapshot_win.cc(88)] thread ID 10652 not found in process
[0607/092410.225:WARNING:crash_report_exception_handler.cc(62)] ProcessSnapshotWin::Initialize failed
[0607/092845.232:ERROR:process_reader_win.cc(123)] NtOpenThread: {Acesso Negado} Um processo solicitou acesso a um objeto, mas o direito de acesso não lhe foi concedido. (0xc0000022)
[0607/092845.232:ERROR:exception_snapshot_win.cc(88)] thread ID 6508 not found in process
[0607/092845.232:WARNING:crash_report_exception_handler.cc(62)] ProcessSnapshotWin::Initialize failed
[0607/093215.586:ERROR:process_reader_win.cc(123)] NtOpenThread: {Acesso Negado} Um processo solicitou acesso a um objeto, mas o direito de acesso não lhe foi concedido. (0xc0000022)
[0607/093215.587:ERROR:exception_snapshot_win.cc(88)] thread ID 2432 not found in process
[0607/093215.587:WARNING:crash_report_exception_handler.cc(62)] ProcessSnapshotWin::Initialize failed
[0607/093517.022:ERROR:process_reader_win.cc(123)] NtOpenThread: {Acesso Negado} Um processo solicitou acesso a um objeto, mas o direito de acesso não lhe foi concedido. (0xc0000022)
[0607/093517.023:ERROR:exception_snapshot_win.cc(88)] thread ID 10344 not found in process
[0607/093517.023:WARNING:crash_report_exception_handler.cc(62)] ProcessSnapshotWin::Initialize failed
[0607/093517.035:ERROR:process_reader_win.cc(123)] NtOpenThread: {Acesso Negado} Um processo solicitou acesso a um objeto, mas o direito de acesso não lhe foi concedido. (0xc0000022)
[0607/093517.035:ERROR:exception_snapshot_win.cc(88)] thread ID 11524 not found in process
[0607/093517.035:WARNING:crash_report_exception_handler.cc(62)] ProcessSnapshotWin::Initialize failed
[0607/094140.674:ERROR:process_reader_win.cc(123)] NtOpenThread: {Acesso Negado} Um processo solicitou acesso a um objeto, mas o direito de acesso não lhe foi concedido. (0xc0000022)
[0607/094140.675:ERROR:exception_snapshot_win.cc(88)] thread ID 11948 not found in process
[0607/094140.675:WARNING:crash_report_exception_handler.cc(62)] ProcessSnapshotWin::Initialize failed
[0607/094140.700:ERROR:process_reader_win.cc(123)] NtOpenThread: {Acesso Negado} Um processo solicitou acesso a um objeto, mas o direito de acesso não lhe foi concedido. (0xc0000022)
[0607/094140.701:ERROR:exception_snapshot_win.cc(88)] thread ID 11296 not found in process
[0607/094140.701:WARNING:crash_report_exception_handler.cc(62)] ProcessSnapshotWin::Initialize failed
[0607/094211.193:ERROR:process_reader_win.cc(123)] NtOpenThread: {Acesso Negado} Um processo solicitou acesso a um objeto, mas o direito de acesso não lhe foi concedido. (0xc0000022)
[0607/094211.194:ERROR:exception_snapshot_win.cc(88)] thread ID 11708 not found in process
[0607/094211.194:WARNING:crash_report_exception_handler.cc(62)] ProcessSnapshotWin::Initialize failed
[0607/094422.822:ERROR:process_reader_win.cc(123)] NtOpenThread: {Acesso Negado} Um processo solicitou acesso a um objeto, mas o direito de acesso não lhe foi concedido. (0xc0000022)
[0607/094422.823:ERROR:exception_snapshot_win.cc(88)] thread ID 12012 not found in process
[0607/094422.823:WARNING:crash_report_exception_handler.cc(62)] ProcessSnapshotWin::Initialize failed
[0607/094606.093:ERROR:process_reader_win.cc(123)] NtOpenThread: {Acesso Negado} Um processo solicitou acesso a um objeto, mas o direito de acesso não lhe foi concedido. (0xc0000022)
[0607/094606.094:ERROR:exception_snapshot_win.cc(88)] thread ID 11940 not found in process
[0607/094606.094:WARNING:crash_report_exception_handler.cc(62)] ProcessSnapshotWin::Initialize failed
[0607/094625.088:ERROR:process_reader_win.cc(123)] NtOpenThread: {Acesso Negado} Um processo solicitou acesso a um objeto, mas o direito de acesso não lhe foi concedido. (0xc0000022)
[0607/094625.089:ERROR:exception_snapshot_win.cc(88)] thread ID 11928 not found in process
[0607/094625.089:WARNING:crash_report_exception_handler.cc(62)] ProcessSnapshotWin::Initialize failed
[0607/094728.357:ERROR:process_reader_win.cc(123)] NtOpenThread: {Acesso Negado} Um processo solicitou acesso a um objeto, mas o direito de acesso não lhe foi concedido. (0xc0000022)
[0607/094728.358:ERROR:exception_snapshot_win.cc(88)] thread ID 11800 not found in process
[0607/094728.358:WARNING:crash_report_exception_handler.cc(62)] ProcessSnapshotWin::Initialize failed
[0607/152400.186:ERROR:process_reader_win.cc(123)] NtOpenThread: {Acesso Negado} Um processo solicitou acesso a um objeto, mas o direito de acesso não lhe foi concedido. (0xc0000022)
[0607/152400.187:ERROR:exception_snapshot_win.cc(88)] thread ID 12784 not found in process
[0607/152400.187:WARNING:crash_report_exception_handler.cc(62)] ProcessSnapshotWin::Initialize failed
[0607/153021.915:ERROR:process_reader_win.cc(123)] NtOpenThread: {Acesso Negado} Um processo solicitou acesso a um objeto, mas o direito de acesso não lhe foi concedido. (0xc0000022)
[0607/153021.915:ERROR:exception_snapshot_win.cc(88)] thread ID 10896 not found in process
[0607/153021.915:WARNING:crash_report_exception_handler.cc(62)] ProcessSnapshotWin::Initialize failed
[0607/154339.997:ERROR:process_reader_win.cc(123)] NtOpenThread: {Acesso Negado} Um processo solicitou acesso a um objeto, mas o direito de acesso não lhe foi concedido. (0xc0000022)
[0607/154339.998:ERROR:exception_snapshot_win.cc(88)] thread ID 5044 not found in process
[0607/154339.998:WARNING:crash_report_exception_handler.cc(62)] ProcessSnapshotWin::Initialize failed
[0607/154443.337:ERROR:process_reader_win.cc(123)] NtOpenThread: {Acesso Negado} Um processo solicitou acesso a um objeto, mas o direito de acesso não lhe foi concedido. (0xc0000022)
[0607/154443.338:ERROR:exception_snapshot_win.cc(88)] thread ID 9844 not found in process
[0607/154443.338:WARNING:crash_report_exception_handler.cc(62)] ProcessSnapshotWin::Initialize failed
[0607/161141.127:ERROR:process_reader_win.cc(123)] NtOpenThread: {Acesso Negado} Um processo solicitou acesso a um objeto, mas o direito de acesso não lhe foi concedido. (0xc0000022)
[0607/161141.128:ERROR:exception_snapshot_win.cc(88)] thread ID 5044 not found in process
[0607/161141.128:WARNING:crash_report_exception_handler.cc(62)] ProcessSnapshotWin::Initialize failed
[0607/161330.299:ERROR:process_reader_win.cc(123)] NtOpenThread: {Acesso Negado} Um processo solicitou acesso a um objeto, mas o direito de acesso não lhe foi concedido. (0xc0000022)
[0607/161330.300:ERROR:exception_snapshot_win.cc(88)] thread ID 10912 not found in process
[0607/161330.300:WARNING:crash_report_exception_handler.cc(62)] ProcessSnapshotWin::Initialize failed
[0607/161532.294:ERROR:process_reader_win.cc(123)] NtOpenThread: {Acesso Negado} Um processo solicitou acesso a um objeto, mas o direito de acesso não lhe foi concedido. (0xc0000022)
[0607/161532.296:ERROR:exception_snapshot_win.cc(88)] thread ID 12896 not found in process
[0607/161532.296:WARNING:crash_report_exception_handler.cc(62)] ProcessSnapshotWin::Initialize failed
[0607/162313.513:ERROR:process_reader_win.cc(123)] NtOpenThread: {Acesso Negado} Um processo solicitou acesso a um objeto, mas o direito de acesso não lhe foi concedido. (0xc0000022)
[0607/162313.515:ERROR:exception_snapshot_win.cc(88)] thread ID 3704 not found in process
[0607/162313.515:WARNING:crash_report_exception_handler.cc(62)] ProcessSnapshotWin::Initialize failed
[0607/163048.491:ERROR:process_reader_win.cc(123)] NtOpenThread: {Acesso Negado} Um processo solicitou acesso a um objeto, mas o direito de acesso não lhe foi concedido. (0xc0000022)
[0607/163048.491:ERROR:exception_snapshot_win.cc(88)] thread ID 9692 not found in process
[0607/163048.491:WARNING:crash_report_exception_handler.cc(62)] ProcessSnapshotWin::Initialize failed
[0607/163753.447:ERROR:process_reader_win.cc(123)] NtOpenThread: {Acesso Negado} Um processo solicitou acesso a um objeto, mas o direito de acesso não lhe foi concedido. (0xc0000022)
[0607/163753.448:ERROR:exception_snapshot_win.cc(88)] thread ID 9956 not found in process
[0607/163753.448:WARNING:crash_report_exception_handler.cc(62)] ProcessSnapshotWin::Initialize failed
[0607/163942.747:ERROR:process_reader_win.cc(123)] NtOpenThread: {Acesso Negado} Um processo solicitou acesso a um objeto, mas o direito de acesso não lhe foi concedido. (0xc0000022)
[0607/163942.749:ERROR:exception_snapshot_win.cc(88)] thread ID 1872 not found in process
[0607/163942.749:WARNING:crash_report_exception_handler.cc(62)] ProcessSnapshotWin::Initialize failed
[0607/164737.600:ERROR:process_reader_win.cc(123)] NtOpenThread: {Acesso Negado} Um processo solicitou acesso a um objeto, mas o direito de acesso não lhe foi concedido. (0xc0000022)
[0607/164737.601:ERROR:exception_snapshot_win.cc(88)] thread ID 11968 not found in process
[0607/164737.601:WARNING:crash_report_exception_handler.cc(62)] ProcessSnapshotWin::Initialize failed
[0607/164737.618:ERROR:process_reader_win.cc(123)] NtOpenThread: {Acesso Negado} Um processo solicitou acesso a um objeto, mas o direito de acesso não lhe foi concedido. (0xc0000022)
[0607/164737.619:ERROR:exception_snapshot_win.cc(88)] thread ID 10276 not found in process
[0607/164737.619:WARNING:crash_report_exception_handler.cc(62)] ProcessSnapshotWin::Initialize failed
[0607/165525.830:ERROR:process_reader_win.cc(123)] NtOpenThread: {Acesso Negado} Um processo solicitou acesso a um objeto, mas o direito de acesso não lhe foi concedido. (0xc0000022)
[0607/165525.831:ERROR:exception_snapshot_win.cc(88)] thread ID 3584 not found in process
[0607/165525.831:WARNING:crash_report_exception_handler.cc(62)] ProcessSnapshotWin::Initialize failed
[0607/165525.831:ERROR:process_reader_win.cc(123)] NtOpenThread: {Acesso Negado} Um processo solicitou acesso a um objeto, mas o direito de acesso não lhe foi concedido. (0xc0000022)
[0607/165525.831:ERROR:exception_snapshot_win.cc(88)] thread ID 2384 not found in process
[0607/165525.831:WARNING:crash_report_exception_handler.cc(62)] ProcessSnapshotWin::Initialize failed
[0607/165554.359:ERROR:process_reader_win.cc(123)] NtOpenThread: {Acesso Negado} Um processo solicitou acesso a um objeto, mas o direito de acesso não lhe foi concedido. (0xc0000022)
[0607/165554.360:ERROR:exception_snapshot_win.cc(88)] thread ID 11752 not found in process
[0607/165554.360:WARNING:crash_report_exception_handler.cc(62)] ProcessSnapshotWin::Initialize failed
[0607/165706.498:ERROR:process_reader_win.cc(123)] NtOpenThread: {Acesso Negado} Um processo solicitou acesso a um objeto, mas o direito de acesso não lhe foi concedido. (0xc0000022)
[0607/165706.498:ERROR:exception_snapshot_win.cc(88)] thread ID 10564 not found in process
[0607/165706.498:WARNING:crash_report_exception_handler.cc(62)] ProcessSnapshotWin::Initialize failed
[0607/165753.172:ERROR:process_reader_win.cc(151)] SuspendThread: Acesso negado. (0x5)
[0607/165753.172:ERROR:process_reader_win.cc(151)] SuspendThread: Acesso negado. (0x5)
[0607/165753.172:ERROR:process_reader_win.cc(151)] SuspendThread: Acesso negado. (0x5)
[0607/165753.173:ERROR:process_reader_win.cc(123)] NtOpenThread: {Acesso Negado} Um processo solicitou acesso a um objeto, mas o direito de acesso não lhe foi concedido. (0xc0000022)
[0607/165753.173:ERROR:exception_snapshot_win.cc(88)] thread ID 1776 not found in process
[0607/165753.173:WARNING:crash_report_exception_handler.cc(62)] ProcessSnapshotWin::Initialize failed
[0607/170015.159:ERROR:process_reader_win.cc(123)] NtOpenThread: {Acesso Negado} Um processo solicitou acesso a um objeto, mas o direito de acesso não lhe foi concedido. (0xc0000022)
[0607/170015.160:ERROR:exception_snapshot_win.cc(88)] thread ID 5488 not found in process
[0607/170015.160:WARNING:crash_report_exception_handler.cc(62)] ProcessSnapshotWin::Initialize failed
[0607/170128.193:ERROR:process_reader_win.cc(151)] SuspendThread: Acesso negado. (0x5)
[0607/170128.193:ERROR:process_reader_win.cc(151)] SuspendThread: Acesso negado. (0x5)
[0607/170128.194:ERROR:process_reader_win.cc(151)] SuspendThread: Acesso negado. (0x5)
[0607/170128.194:ERROR:process_reader_win.cc(151)] SuspendThread: Acesso negado. (0x5)
[0607/170128.194:ERROR:process_reader_win.cc(123)] NtOpenThread: {Acesso Negado} Um processo solicitou acesso a um objeto, mas o direito de acesso não lhe foi concedido. (0xc0000022)
[0607/170128.194:ERROR:exception_snapshot_win.cc(88)] thread ID 11828 not found in process
[0607/170128.194:WARNING:crash_report_exception_handler.cc(62)] ProcessSnapshotWin::Initialize failed
[0608/105345.364:ERROR:process_reader_win.cc(151)] SuspendThread: Acesso negado. (0x5)
[0608/105345.365:ERROR:process_reader_win.cc(123)] NtOpenThread: {Acesso Negado} Um processo solicitou acesso a um objeto, mas o direito de acesso não lhe foi concedido. (0xc0000022)
[0608/105345.365:ERROR:exception_snapshot_win.cc(88)] thread ID 5628 not found in process
[0608/105345.365:WARNING:crash_report_exception_handler.cc(62)] ProcessSnapshotWin::Initialize failed
[0608/110009.801:ERROR:process_reader_win.cc(151)] SuspendThread: Acesso negado. (0x5)
[0608/110009.802:ERROR:process_reader_win.cc(123)] NtOpenThread: {Acesso Negado} Um processo solicitou acesso a um objeto, mas o direito de acesso não lhe foi concedido. (0xc0000022)
[0608/110009.802:ERROR:exception_snapshot_win.cc(88)] thread ID 7300 not found in process
[0608/110009.802:WARNING:crash_report_exception_handler.cc(62)] ProcessSnapshotWin::Initialize failed
[0608/110242.714:ERROR:process_reader_win.cc(123)] NtOpenThread: {Acesso Negado} Um processo solicitou acesso a um objeto, mas o direito de acesso não lhe foi concedido. (0xc0000022)
[0608/110242.715:ERROR:exception_snapshot_win.cc(88)] thread ID 13024 not found in process
[0608/110242.715:WARNING:crash_report_exception_handler.cc(62)] ProcessSnapshotWin::Initialize failed
[0608/110607.252:ERROR:process_reader_win.cc(151)] SuspendThread: Acesso negado. (0x5)
[0608/110607.253:ERROR:process_reader_win.cc(123)] NtOpenThread: {Acesso Negado} Um processo solicitou acesso a um objeto, mas o direito de acesso não lhe foi concedido. (0xc0000022)
[0608/110607.253:ERROR:exception_snapshot_win.cc(88)] thread ID 12048 not found in process
[0608/110607.253:WARNING:crash_report_exception_handler.cc(62)] ProcessSnapshotWin::Initialize failed
[0608/110705.291:ERROR:process_reader_win.cc(151)] SuspendThread: Acesso negado. (0x5)
[0608/110705.292:ERROR:process_reader_win.cc(123)] NtOpenThread: {Acesso Negado} Um processo solicitou acesso a um objeto, mas o direito de acesso não lhe foi concedido. (0xc0000022)
[0608/110705.292:ERROR:exception_snapshot_win.cc(88)] thread ID 12472 not found in process
[0608/110705.292:WARNING:crash_report_exception_handler.cc(62)] ProcessSnapshotWin::Initialize failed
[0608/110902.900:ERROR:process_reader_win.cc(123)] NtOpenThread: {Acesso Negado} Um processo solicitou acesso a um objeto, mas o direito de acesso não lhe foi concedido. (0xc0000022)
[0608/110902.902:ERROR:exception_snapshot_win.cc(88)] thread ID 12396 not found in process
[0608/110902.902:WARNING:crash_report_exception_handler.cc(62)] ProcessSnapshotWin::Initialize failed
[0608/111004.316:ERROR:process_reader_win.cc(123)] NtOpenThread: {Acesso Negado} Um processo solicitou acesso a um objeto, mas o direito de acesso não lhe foi concedido. (0xc0000022)
[0608/111004.317:ERROR:exception_snapshot_win.cc(88)] thread ID 10220 not found in process
[0608/111004.317:WARNING:crash_report_exception_handler.cc(62)] ProcessSnapshotWin::Initialize failed
[0608/111454.536:ERROR:process_reader_win.cc(123)] NtOpenThread: {Acesso Negado} Um processo solicitou acesso a um objeto, mas o direito de acesso não lhe foi concedido. (0xc0000022)
[0608/111454.537:ERROR:exception_snapshot_win.cc(88)] thread ID 11152 not found in process
[0608/111454.537:WARNING:crash_report_exception_handler.cc(62)] ProcessSnapshotWin::Initialize failed
[0608/111543.551:ERROR:process_reader_win.cc(123)] NtOpenThread: {Acesso Negado} Um processo solicitou acesso a um objeto, mas o direito de acesso não lhe foi concedido. (0xc0000022)
[0608/111543.552:ERROR:exception_snapshot_win.cc(88)] thread ID 5756 not found in process
[0608/111543.552:WARNING:crash_report_exception_handler.cc(62)] ProcessSnapshotWin::Initialize failed
[0608/111701.190:ERROR:process_reader_win.cc(151)] SuspendThread: Acesso negado. (0x5)
[0608/111701.191:ERROR:process_reader_win.cc(123)] NtOpenThread: {Acesso Negado} Um processo solicitou acesso a um objeto, mas o direito de acesso não lhe foi concedido. (0xc0000022)
[0608/111701.191:ERROR:exception_snapshot_win.cc(88)] thread ID 2000 not found in process
[0608/111701.191:WARNING:crash_report_exception_handler.cc(62)] ProcessSnapshotWin::Initialize failed
[0608/113448.058:ERROR:process_reader_win.cc(123)] NtOpenThread: {Acesso Negado} Um processo solicitou acesso a um objeto, mas o direito de acesso não lhe foi concedido. (0xc0000022)
[0608/113448.058:ERROR:exception_snapshot_win.cc(88)] thread ID 9280 not found in process
[0608/113448.058:WARNING:crash_report_exception_handler.cc(62)] ProcessSnapshotWin::Initialize failed
[0608/113624.543:ERROR:process_reader_win.cc(123)] NtOpenThread: {Acesso Negado} Um processo solicitou acesso a um objeto, mas o direito de acesso não lhe foi concedido. (0xc0000022)
[0608/113624.544:ERROR:exception_snapshot_win.cc(88)] thread ID 12532 not found in process
[0608/113624.544:WARNING:crash_report_exception_handler.cc(62)] ProcessSnapshotWin::Initialize failed
[0608/114119.360:ERROR:process_reader_win.cc(123)] NtOpenThread: {Acesso Negado} Um processo solicitou acesso a um objeto, mas o direito de acesso não lhe foi concedido. (0xc0000022)
[0608/114119.361:ERROR:exception_snapshot_win.cc(88)] thread ID 9672 not found in process
[0608/114119.361:WARNING:crash_report_exception_handler.cc(62)] ProcessSnapshotWin::Initialize failed
[0608/114119.366:ERROR:process_reader_win.cc(123)] NtOpenThread: {Acesso Negado} Um processo solicitou acesso a um objeto, mas o direito de acesso não lhe foi concedido. (0xc0000022)
[0608/114119.366:ERROR:exception_snapshot_win.cc(88)] thread ID 11336 not found in process
[0608/114119.366:WARNING:crash_report_exception_handler.cc(62)] ProcessSnapshotWin::Initialize failed
[0608/114544.514:ERROR:process_reader_win.cc(123)] NtOpenThread: {Acesso Negado} Um processo solicitou acesso a um objeto, mas o direito de acesso não lhe foi concedido. (0xc0000022)
[0608/114544.514:ERROR:exception_snapshot_win.cc(88)] thread ID 7488 not found in process
[0608/114544.514:WARNING:crash_report_exception_handler.cc(62)] ProcessSnapshotWin::Initialize failed
[0608/114913.842:ERROR:process_reader_win.cc(123)] NtOpenThread: {Acesso Negado} Um processo solicitou acesso a um objeto, mas o direito de acesso não lhe foi concedido. (0xc0000022)
[0608/114913.843:ERROR:exception_snapshot_win.cc(88)] thread ID 6612 not found in process
[0608/114913.843:WARNING:crash_report_exception_handler.cc(62)] ProcessSnapshotWin::Initialize failed
[0608/114913.883:ERROR:process_reader_win.cc(123)] NtOpenThread: {Acesso Negado} Um processo solicitou acesso a um objeto, mas o direito de acesso não lhe foi concedido. (0xc0000022)
[0608/114913.883:ERROR:exception_snapshot_win.cc(88)] thread ID 11484 not found in process
[0608/114913.883:WARNING:crash_report_exception_handler.cc(62)] ProcessSnapshotWin::Initialize failed
[0608/115140.112:ERROR:process_reader_win.cc(123)] NtOpenThread: {Acesso Negado} Um processo solicitou acesso a um objeto, mas o direito de acesso não lhe foi concedido. (0xc0000022)
[0608/115140.113:ERROR:exception_snapshot_win.cc(88)] thread ID 1164 not found in process
[0608/115140.113:WARNING:crash_report_exception_handler.cc(62)] ProcessSnapshotWin::Initialize failed
[0608/115232.253:ERROR:process_reader_win.cc(123)] NtOpenThread: {Acesso Negado} Um processo solicitou acesso a um objeto, mas o direito de acesso não lhe foi concedido. (0xc0000022)
[0608/115232.254:ERROR:exception_snapshot_win.cc(88)] thread ID 7732 not found in process
[0608/115232.254:WARNING:crash_report_exception_handler.cc(62)] ProcessSnapshotWin::Initialize failed
[0608/115316.216:ERROR:process_reader_win.cc(123)] NtOpenThread: {Acesso Negado} Um processo solicitou acesso a um objeto, mas o direito de acesso não lhe foi concedido. (0xc0000022)
[0608/115316.216:ERROR:exception_snapshot_win.cc(88)] thread ID 11104 not found in process
[0608/115316.216:WARNING:crash_report_exception_handler.cc(62)] ProcessSnapshotWin::Initialize failed
[0608/120745.179:ERROR:process_reader_win.cc(123)] NtOpenThread: {Acesso Negado} Um processo solicitou acesso a um objeto, mas o direito de acesso não lhe foi concedido. (0xc0000022)
[0608/120745.180:ERROR:exception_snapshot_win.cc(88)] thread ID 8896 not found in process
[0608/120745.180:WARNING:crash_report_exception_handler.cc(62)] ProcessSnapshotWin::Initialize failed
[0608/120745.190:ERROR:process_reader_win.cc(123)] NtOpenThread: {Acesso Negado} Um processo solicitou acesso a um objeto, mas o direito de acesso não lhe foi concedido. (0xc0000022)
[0608/120745.190:ERROR:exception_snapshot_win.cc(88)] thread ID 11316 not found in process
[0608/120745.190:WARNING:crash_report_exception_handler.cc(62)] ProcessSnapshotWin::Initialize failed
[0608/120845.093:ERROR:process_reader_win.cc(123)] NtOpenThread: {Acesso Negado} Um processo solicitou acesso a um objeto, mas o direito de acesso não lhe foi concedido. (0xc0000022)
[0608/120845.093:ERROR:exception_snapshot_win.cc(88)] thread ID 5972 not found in process
[0608/120845.093:WARNING:crash_report_exception_handler.cc(62)] ProcessSnapshotWin::Initialize failed
[0608/121156.475:ERROR:process_reader_win.cc(123)] NtOpenThread: {Acesso Negado} Um processo solicitou acesso a um objeto, mas o direito de acesso não lhe foi concedido. (0xc0000022)
[0608/121156.475:ERROR:exception_snapshot_win.cc(88)] thread ID 1068 not found in process
[0608/121156.475:WARNING:crash_report_exception_handler.cc(62)] ProcessSnapshotWin::Initialize failed
[0608/121443.385:ERROR:process_reader_win.cc(123)] NtOpenThread: {Acesso Negado} Um processo solicitou acesso a um objeto, mas o direito de acesso não lhe foi concedido. (0xc0000022)
[0608/121443.388:ERROR:exception_snapshot_win.cc(88)] thread ID 1868 not found in process
[0608/121443.388:WARNING:crash_report_exception_handler.cc(62)] ProcessSnapshotWin::Initialize failed
[0608/121443.392:ERROR:process_reader_win.cc(151)] SuspendThread: Acesso negado. (0x5)
[0608/121443.392:ERROR:process_reader_win.cc(151)] SuspendThread: Acesso negado. (0x5)
[0608/121443.392:ERROR:process_reader_win.cc(151)] SuspendThread: Acesso negado. (0x5)
[0608/121443.392:ERROR:process_reader_win.cc(123)] NtOpenThread: {Acesso Negado} Um processo solicitou acesso a um objeto, mas o direito de acesso não lhe foi concedido. (0xc0000022)
[0608/121443.392:ERROR:exception_snapshot_win.cc(88)] thread ID 10616 not found in process
[0608/121443.392:WARNING:crash_report_exception_handler.cc(62)] ProcessSnapshotWin::Initialize failed
[0608/121633.947:ERROR:process_reader_win.cc(123)] NtOpenThread: {Acesso Negado} Um processo solicitou acesso a um objeto, mas o direito de acesso não lhe foi concedido. (0xc0000022)
[0608/121633.957:ERROR:exception_snapshot_win.cc(88)] thread ID 6292 not found in process
[0608/121633.957:WARNING:crash_report_exception_handler.cc(62)] ProcessSnapshotWin::Initialize failed
[0608/122102.412:ERROR:process_reader_win.cc(123)] NtOpenThread: {Acesso Negado} Um processo solicitou acesso a um objeto, mas o direito de acesso não lhe foi concedido. (0xc0000022)
[0608/122102.413:ERROR:exception_snapshot_win.cc(88)] thread ID 12704 not found in process
[0608/122102.413:WARNING:crash_report_exception_handler.cc(62)] ProcessSnapshotWin::Initialize failed
[0608/122102.427:ERROR:process_reader_win.cc(151)] SuspendThread: Acesso negado. (0x5)
[0608/122102.427:ERROR:process_reader_win.cc(151)] SuspendThread: Acesso negado. (0x5)
[0608/122102.427:ERROR:process_reader_win.cc(151)] SuspendThread: Acesso negado. (0x5)
[0608/122102.427:ERROR:process_reader_win.cc(123)] NtOpenThread: {Acesso Negado} Um processo solicitou acesso a um objeto, mas o direito de acesso não lhe foi concedido. (0xc0000022)
[0608/122102.427:ERROR:exception_snapshot_win.cc(88)] thread ID 12996 not found in process
[0608/122102.427:WARNING:crash_report_exception_handler.cc(62)] ProcessSnapshotWin::Initialize failed
[0608/122449.136:ERROR:process_reader_win.cc(123)] NtOpenThread: {Acesso Negado} Um processo solicitou acesso a um objeto, mas o direito de acesso não lhe foi concedido. (0xc0000022)
[0608/122449.137:ERROR:exception_snapshot_win.cc(88)] thread ID 772 not found in process
[0608/122449.137:WARNING:crash_report_exception_handler.cc(62)] ProcessSnapshotWin::Initialize failed
[0608/153538.635:ERROR:process_reader_win.cc(123)] NtOpenThread: {Acesso Negado} Um processo solicitou acesso a um objeto, mas o direito de acesso não lhe foi concedido. (0xc0000022)
[0608/153538.635:ERROR:exception_snapshot_win.cc(88)] thread ID 7732 not found in process
[0608/153538.635:WARNING:crash_report_exception_handler.cc(62)] ProcessSnapshotWin::Initialize failed
[0608/153634.722:ERROR:process_reader_win.cc(123)] NtOpenThread: {Acesso Negado} Um processo solicitou acesso a um objeto, mas o direito de acesso não lhe foi concedido. (0xc0000022)
[0608/153634.723:ERROR:exception_snapshot_win.cc(88)] thread ID 1272 not found in process
[0608/153634.723:WARNING:crash_report_exception_handler.cc(62)] ProcessSnapshotWin::Initialize failed
[0608/153741.347:ERROR:process_reader_win.cc(123)] NtOpenThread: {Acesso Negado} Um processo solicitou acesso a um objeto, mas o direito de acesso não lhe foi concedido. (0xc0000022)
[0608/153741.348:ERROR:exception_snapshot_win.cc(88)] thread ID 7684 not found in process
[0608/153741.348:WARNING:crash_report_exception_handler.cc(62)] ProcessSnapshotWin::Initialize failed
[0608/153839.988:ERROR:process_reader_win.cc(123)] NtOpenThread: {Acesso Negado} Um processo solicitou acesso a um objeto, mas o direito de acesso não lhe foi concedido. (0xc0000022)
[0608/153839.989:ERROR:exception_snapshot_win.cc(88)] thread ID 6480 not found in process
[0608/153839.989:WARNING:crash_report_exception_handler.cc(62)] ProcessSnapshotWin::Initialize failed
[0608/154218.315:ERROR:process_reader_win.cc(123)] NtOpenThread: {Acesso Negado} Um processo solicitou acesso a um objeto, mas o direito de acesso não lhe foi concedido. (0xc0000022)
[0608/154218.315:ERROR:exception_snapshot_win.cc(88)] thread ID 6480 not found in process
[0608/154218.315:WARNING:crash_report_exception_handler.cc(62)] ProcessSnapshotWin::Initialize failed
[0615/093035.180:ERROR:process_reader_win.cc(123)] NtOpenThread: {Acesso Negado} Um processo solicitou acesso a um objeto, mas o direito de acesso não lhe foi concedido. (0xc0000022)
[0615/093035.180:ERROR:exception_snapshot_win.cc(88)] thread ID 10908 not found in process
[0615/093342.189:ERROR:process_reader_win.cc(123)] NtOpenThread: {Acesso Negado} Um processo solicitou acesso a um objeto, mas o direito de acesso não lhe foi concedido. (0xc0000022)
[0615/093342.192:ERROR:exception_snapshot_win.cc(88)] thread ID 10268 not found in process
[0615/093449.415:ERROR:process_reader_win.cc(123)] NtOpenThread: {Acesso Negado} Um processo solicitou acesso a um objeto, mas o direito de acesso não lhe foi concedido. (0xc0000022)
[0615/093449.416:ERROR:exception_snapshot_win.cc(88)] thread ID 11340 not found in process
[0615/093510.933:ERROR:process_reader_win.cc(123)] NtOpenThread: {Acesso Negado} Um processo solicitou acesso a um objeto, mas o direito de acesso não lhe foi concedido. (0xc0000022)
[0615/093510.934:ERROR:exception_snapshot_win.cc(88)] thread ID 12316 not found in process
[0615/093533.748:ERROR:process_reader_win.cc(123)] NtOpenThread: {Acesso Negado} Um processo solicitou acesso a um objeto, mas o direito de acesso não lhe foi concedido. (0xc0000022)
[0615/093533.749:ERROR:exception_snapshot_win.cc(88)] thread ID 5368 not found in process
[0615/093711.370:ERROR:process_reader_win.cc(123)] NtOpenThread: {Acesso Negado} Um processo solicitou acesso a um objeto, mas o direito de acesso não lhe foi concedido. (0xc0000022)
[0615/093711.370:ERROR:exception_snapshot_win.cc(88)] thread ID 11972 not found in process
[0615/094020.024:ERROR:process_reader_win.cc(123)] NtOpenThread: {Acesso Negado} Um processo solicitou acesso a um objeto, mas o direito de acesso não lhe foi concedido. (0xc0000022)
[0615/094020.024:ERROR:exception_snapshot_win.cc(88)] thread ID 12368 not found in process
[0615/094249.580:ERROR:process_reader_win.cc(123)] NtOpenThread: {Acesso Negado} Um processo solicitou acesso a um objeto, mas o direito de acesso não lhe foi concedido. (0xc0000022)
[0615/094249.580:ERROR:exception_snapshot_win.cc(88)] thread ID 9784 not found in process
[0615/094249.622:ERROR:process_reader_win.cc(123)] NtOpenThread: {Acesso Negado} Um processo solicitou acesso a um objeto, mas o direito de acesso não lhe foi concedido. (0xc0000022)
[0615/094249.622:ERROR:exception_snapshot_win.cc(88)] thread ID 12612 not found in process
[0615/094433.276:ERROR:process_reader_win.cc(123)] NtOpenThread: {Acesso Negado} Um processo solicitou acesso a um objeto, mas o direito de acesso não lhe foi concedido. (0xc0000022)
[0615/094433.277:ERROR:exception_snapshot_win.cc(88)] thread ID 1108 not found in process
[0615/094520.954:ERROR:process_reader_win.cc(123)] NtOpenThread: {Acesso Negado} Um processo solicitou acesso a um objeto, mas o direito de acesso não lhe foi concedido. (0xc0000022)
[0615/094520.955:ERROR:exception_snapshot_win.cc(88)] thread ID 12600 not found in process
[0615/094624.116:ERROR:process_reader_win.cc(123)] NtOpenThread: {Acesso Negado} Um processo solicitou acesso a um objeto, mas o direito de acesso não lhe foi concedido. (0xc0000022)
[0615/094624.117:ERROR:exception_snapshot_win.cc(88)] thread ID 4292 not found in process
[0615/094805.359:ERROR:process_reader_win.cc(123)] NtOpenThread: {Acesso Negado} Um processo solicitou acesso a um objeto, mas o direito de acesso não lhe foi concedido. (0xc0000022)
[0615/094805.360:ERROR:exception_snapshot_win.cc(88)] thread ID 12076 not found in process
[0630/213111.210:ERROR:process_reader_win.cc(123)] NtOpenThread: {Acesso Negado} Um processo solicitou acesso a um objeto, mas o direito de acesso não lhe foi concedido. (0xc0000022)
[0630/213111.238:ERROR:exception_snapshot_win.cc(88)] thread ID 5304 not found in process
